2025-06-11 22:09:39.570141 - User: Anonymous - Path: /admin/logout/
2025-06-11 22:09:49.953597 - User: Anonymous - Path: /admin/
2025-06-11 22:09:49.980735 - User: Anonymous - Path: /admin/login/
2025-06-11 22:09:57.845984 - User: Anonymous - Path: /admin/login/
2025-06-11 22:09:59.192883 - User: Anonymous - Path: /admin/
2025-06-11 22:14:05.686839 - User: Anonymous - Path: /bookings/
2025-06-11 22:14:24.684021 - User: Anonymous - Path: /admin/
2025-06-11 22:14:25.480262 - User: Anonymous - Path: /admin/
2025-06-11 22:14:29.758348 - User: Anonymous - Path: /admin/
2025-06-11 22:15:30.826881 - User: Anonymous - Path: /bookings/
2025-06-11 22:17:58.551626 - User: Anonymous - Path: /bookings/
2025-06-11 22:20:16.696421 - User: Anonymous - Path: /bookings/
2025-06-11 22:21:37.363477 - User: Anonymous - Path: /admin/
2025-06-11 22:53:59.170466 - User: Anonymous - Path: /admin/
2025-06-11 22:54:07.556614 - User: Anonymous - Path: /admin/oauth2_provider/idtoken/
2025-06-11 22:56:03.526447 - User: Anonymous - Path: /admin/oauth2_provider/idtoken/
2025-06-11 22:56:04.165685 - User: Anonymous - Path: /admin/jsi18n/
2025-06-11 22:56:16.899139 - User: Anonymous - Path: /admin/oauth2_provider/idtoken/
2025-06-11 22:56:17.361810 - User: Anonymous - Path: /admin/jsi18n/
2025-06-11 22:56:19.325807 - User: Anonymous - Path: /admin/oauth2_provider/idtoken/
2025-06-11 22:56:19.477001 - User: Anonymous - Path: /admin/jsi18n/
2025-06-11 22:56:21.844973 - User: Anonymous - Path: /admin/
2025-06-11 22:56:24.730725 - User: Anonymous - Path: /admin/authtoken/tokenproxy/
2025-06-11 22:56:30.243649 - User: Anonymous - Path: /admin/authtoken/tokenproxy/add/
2025-06-11 22:56:30.620696 - User: Anonymous - Path: /admin/jsi18n/
2025-06-11 22:56:35.738497 - User: Anonymous - Path: /admin/authtoken/tokenproxy/add/
2025-06-11 22:56:35.823541 - User: Anonymous - Path: /admin/authtoken/tokenproxy/
2025-06-11 22:56:46.388055 - User: Anonymous - Path: /admin/
2025-06-11 22:56:48.766664 - User: Anonymous - Path: /admin/oauth2_provider/idtoken/
2025-06-11 22:56:48.915729 - User: Anonymous - Path: /admin/jsi18n/
2025-06-11 22:56:52.683749 - User: Anonymous - Path: /admin/oauth2_provider/idtoken/
2025-06-11 22:56:52.828121 - User: Anonymous - Path: /admin/jsi18n/
2025-06-11 22:56:54.410658 - User: Anonymous - Path: /admin/oauth2_provider/idtoken/
2025-06-11 22:56:54.511059 - User: Anonymous - Path: /admin/jsi18n/
2025-06-11 22:56:55.044247 - User: Anonymous - Path: /admin/oauth2_provider/idtoken/
2025-06-11 22:56:55.189839 - User: Anonymous - Path: /admin/jsi18n/
2025-06-11 22:56:55.656197 - User: Anonymous - Path: /admin/oauth2_provider/idtoken/
2025-06-11 22:56:55.755145 - User: Anonymous - Path: /admin/jsi18n/
2025-06-11 22:56:56.026930 - User: Anonymous - Path: /admin/oauth2_provider/idtoken/
2025-06-11 22:56:56.136776 - User: Anonymous - Path: /admin/jsi18n/
2025-06-11 22:56:57.760708 - User: Anonymous - Path: /admin/oauth2_provider/idtoken/add/
2025-06-11 22:56:57.903797 - User: Anonymous - Path: /admin/jsi18n/
2025-06-11 22:57:07.741907 - User: Anonymous - Path: /admin/oauth2_provider/application/add/
2025-06-11 22:57:08.005183 - User: Anonymous - Path: /admin/jsi18n/
2025-06-11 22:57:34.440359 - User: Anonymous - Path: /admin/oauth2_provider/application/add/
2025-06-11 22:57:34.561363 - User: Anonymous - Path: /admin/jsi18n/
2025-06-11 22:57:41.006458 - User: Anonymous - Path: /admin/auth/user/
2025-06-11 22:58:18.560760 - User: Anonymous - Path: /admin/oauth2_provider/application/add/
2025-06-11 22:58:35.469015 - User: Anonymous - Path: /admin/oauth2_provider/idtoken/add/
2025-06-11 22:58:35.655833 - User: Anonymous - Path: /admin/jsi18n/
2025-06-11 22:58:42.204855 - User: Anonymous - Path: /admin/auth/user/
2025-06-11 22:58:50.118932 - User: Anonymous - Path: /admin/oauth2_provider/idtoken/add/
2025-06-11 22:58:50.199928 - User: Anonymous - Path: /admin/oauth2_provider/idtoken/
2025-06-11 22:58:50.372917 - User: Anonymous - Path: /admin/jsi18n/
2025-06-11 22:59:04.390830 - User: Anonymous - Path: /admin/
2025-06-11 22:59:11.276933 - User: Anonymous - Path: /admin/oauth2_provider/refreshtoken/
2025-06-11 22:59:11.437748 - User: Anonymous - Path: /admin/jsi18n/
2025-06-11 22:59:16.978265 - User: Anonymous - Path: /admin/oauth2_provider/refreshtoken/
2025-06-11 22:59:17.154287 - User: Anonymous - Path: /admin/jsi18n/
2025-06-11 22:59:18.341869 - User: Anonymous - Path: /admin/oauth2_provider/refreshtoken/
2025-06-11 22:59:18.477440 - User: Anonymous - Path: /admin/jsi18n/
2025-06-11 22:59:19.036517 - User: Anonymous - Path: /admin/oauth2_provider/refreshtoken/
2025-06-11 22:59:19.200051 - User: Anonymous - Path: /admin/jsi18n/
2025-06-11 22:59:19.569222 - User: Anonymous - Path: /admin/oauth2_provider/refreshtoken/
2025-06-11 22:59:19.676817 - User: Anonymous - Path: /admin/jsi18n/
2025-06-11 22:59:30.383780 - User: Anonymous - Path: /admin/oauth2_provider/refreshtoken/add/
2025-06-11 22:59:30.571246 - User: Anonymous - Path: /admin/jsi18n/
2025-06-11 22:59:33.020663 - User: Anonymous - Path: /admin/auth/user/
2025-06-11 22:59:47.276747 - User: Anonymous - Path: /admin/oauth2_provider/accesstoken/
2025-06-11 22:59:51.984166 - User: Anonymous - Path: /admin/oauth2_provider/accesstoken/add/
2025-06-11 22:59:52.101038 - User: Anonymous - Path: /admin/jsi18n/
2025-06-11 23:00:09.704425 - User: Anonymous - Path: /admin/oauth2_provider/refreshtoken/add/
2025-06-11 23:00:09.782017 - User: Anonymous - Path: /admin/oauth2_provider/refreshtoken/
2025-06-11 23:00:09.882219 - User: Anonymous - Path: /admin/jsi18n/
2025-06-11 23:00:16.191600 - User: Anonymous - Path: /admin/
2025-06-11 23:00:20.428548 - User: Anonymous - Path: /admin/authtoken/tokenproxy/
2025-06-11 23:00:24.343582 - User: Anonymous - Path: /admin/
2025-06-11 23:00:35.668194 - User: Anonymous - Path: /admin/auth/user/
2025-06-11 23:00:35.828219 - User: Anonymous - Path: /admin/jsi18n/
2025-06-11 23:00:39.123889 - User: Anonymous - Path: /admin/auth/user/1/change/
2025-06-11 23:00:39.547504 - User: Anonymous - Path: /admin/jsi18n/
2025-06-11 23:25:00.651757 - User: Anonymous - Path: /admin/auth/user/1/change/
2025-06-11 23:25:01.676775 - User: Anonymous - Path: /admin/jsi18n/
2025-06-11 23:25:15.854648 - User: Anonymous - Path: /admin/
2025-06-11 23:25:25.564139 - User: Anonymous - Path: /api/bookings/
2025-06-11 23:25:44.668711 - User: Anonymous - Path: /api/stations/
2025-06-11 23:25:57.039319 - User: Anonymous - Path: /api/stations-list/
2025-06-11 23:26:08.773632 - User: Anonymous - Path: /api/comment/
2025-06-11 23:26:21.808119 - User: Anonymous - Path: /api/comments/
2025-06-11 23:53:33.160120 - User: Anonymous - Path: /api/comments/
2025-06-11 23:54:14.476179 - User: Anonymous - Path: /admin/login/
2025-06-11 23:54:14.565251 - User: Anonymous - Path: /admin/
2025-06-11 23:54:21.196970 - User: Anonymous - Path: /admin/VoltHub/comment/
2025-06-11 23:54:21.326063 - User: Anonymous - Path: /admin/jsi18n/
2025-06-11 23:54:23.619495 - User: Anonymous - Path: /admin/VoltHub/comment/add/
2025-06-11 23:54:23.770643 - User: Anonymous - Path: /admin/jsi18n/
2025-06-11 23:54:29.080584 - User: Anonymous - Path: /admin/VoltHub/chargingpoint/add/
2025-06-11 23:54:29.258481 - User: Anonymous - Path: /admin/jsi18n/
2025-06-12 00:33:11.260146 - User: Anonymous - Path: /admin/VoltHub/comment/add/
2025-06-12 00:33:14.954405 - User: Anonymous - Path: /admin/jsi18n/
2025-06-12 00:33:25.692439 - User: Anonymous - Path: /admin/VoltHub/chargingpoint/add/
2025-06-12 00:33:25.971667 - User: Anonymous - Path: /admin/jsi18n/
2025-06-12 00:35:15.958054 - User: Anonymous - Path: /admin/VoltHub/chargingpoint/add/
2025-06-12 00:39:12.825377 - User: Anonymous - Path: /admin/VoltHub/chargingpoint/add/
2025-06-12 00:39:33.045222 - User: Anonymous - Path: /admin/VoltHub/chargingpoint/add/
2025-06-12 00:39:33.581430 - User: Anonymous - Path: /admin/jsi18n/
2025-06-12 00:39:42.749992 - User: Anonymous - Path: /admin/VoltHub/chargingpoint/1/change/
2025-06-12 00:39:42.857868 - User: Anonymous - Path: /admin/jsi18n/
2025-06-12 00:40:00.388240 - User: Anonymous - Path: /admin/VoltHub/chargingpoint/1/change/
2025-06-12 00:40:13.425755 - User: Anonymous - Path: /admin/VoltHub/comment/add/
2025-06-12 00:40:13.531506 - User: Anonymous - Path: /admin/jsi18n/
2025-06-12 00:40:17.453158 - User: Anonymous - Path: /admin/auth/user/add/
2025-06-12 00:40:17.864140 - User: Anonymous - Path: /admin/jsi18n/
2025-06-12 00:40:55.067571 - User: Anonymous - Path: /admin/auth/user/add/
2025-06-12 00:41:06.058316 - User: Anonymous - Path: /admin/VoltHub/comment/add/
2025-06-12 00:41:06.189713 - User: Anonymous - Path: /admin/jsi18n/
2025-06-12 00:42:04.784003 - User: Anonymous - Path: /admin/VoltHub/comment/add/
2025-06-12 00:42:04.872510 - User: Anonymous - Path: /admin/VoltHub/comment/
2025-06-12 00:42:05.153347 - User: Anonymous - Path: /admin/jsi18n/
2025-06-12 00:42:07.793325 - User: Anonymous - Path: /admin/VoltHub/comment/1/change/
2025-06-12 00:42:08.161779 - User: Anonymous - Path: /admin/jsi18n/
2025-06-12 00:42:17.038333 - User: Anonymous - Path: /admin/
2025-06-12 00:42:22.750657 - User: Anonymous - Path: /admin/VoltHub/usersubscription/
2025-06-12 00:42:22.911053 - User: Anonymous - Path: /admin/jsi18n/
2025-06-12 00:42:24.906789 - User: Anonymous - Path: /admin/VoltHub/usersubscription/add/
2025-06-12 00:42:25.085094 - User: Anonymous - Path: /admin/jsi18n/
2025-06-12 00:42:37.089031 - User: Anonymous - Path: /admin/VoltHub/subscriptionplan/add/
2025-06-12 00:42:37.175767 - User: Anonymous - Path: /admin/jsi18n/
2025-06-12 00:43:05.561873 - User: Anonymous - Path: /admin/VoltHub/subscriptionplan/add/
2025-06-12 00:43:17.935799 - User: Anonymous - Path: /admin/VoltHub/usersubscription/add/
2025-06-12 00:43:17.989080 - User: Anonymous - Path: /admin/VoltHub/usersubscription/
2025-06-12 00:43:18.079420 - User: Anonymous - Path: /admin/jsi18n/
2025-06-12 00:43:20.856342 - User: Anonymous - Path: /admin/
2025-06-12 00:43:26.035573 - User: Anonymous - Path: /admin/VoltHub/subscriptionplan/
2025-06-12 00:43:26.156308 - User: Anonymous - Path: /admin/jsi18n/
2025-06-12 00:43:30.884174 - User: Anonymous - Path: /admin/VoltHub/subscriptionplan/1/change/
2025-06-12 00:43:30.964941 - User: Anonymous - Path: /admin/jsi18n/
2025-06-12 00:43:34.167119 - User: Anonymous - Path: /admin/
2025-06-12 00:43:38.709941 - User: Anonymous - Path: /admin/VoltHub/rating/
2025-06-12 00:43:38.832661 - User: Anonymous - Path: /admin/jsi18n/
2025-06-12 00:43:40.409959 - User: Anonymous - Path: /admin/VoltHub/rating/add/
2025-06-12 00:43:40.584949 - User: Anonymous - Path: /admin/jsi18n/
2025-06-12 00:44:42.267048 - User: Anonymous - Path: /admin/VoltHub/rating/add/
2025-06-12 00:44:47.929819 - User: Anonymous - Path: /admin/VoltHub/rating/add/
2025-06-12 00:44:51.926028 - User: Anonymous - Path: /admin/VoltHub/rating/add/
2025-06-12 00:44:51.987937 - User: Anonymous - Path: /admin/VoltHub/rating/
2025-06-12 00:44:52.088578 - User: Anonymous - Path: /admin/jsi18n/
2025-06-12 00:44:54.432865 - User: Anonymous - Path: /admin/
2025-06-12 00:44:59.506057 - User: Anonymous - Path: /admin/VoltHub/profile/
2025-06-12 00:44:59.662664 - User: Anonymous - Path: /admin/jsi18n/
2025-06-12 00:45:01.939441 - User: Anonymous - Path: /admin/VoltHub/profile/add/
2025-06-12 00:45:02.077798 - User: Anonymous - Path: /admin/jsi18n/
2025-06-12 00:45:36.274515 - User: Anonymous - Path: /admin/VoltHub/profile/add/
2025-06-12 00:45:37.233463 - User: Anonymous - Path: /admin/VoltHub/profile/
2025-06-12 00:45:37.326994 - User: Anonymous - Path: /admin/jsi18n/
2025-06-12 00:45:39.376981 - User: Anonymous - Path: /admin/VoltHub/profile/1/change/
2025-06-12 00:45:39.475125 - User: Anonymous - Path: /admin/jsi18n/
2025-06-12 00:45:44.658287 - User: Anonymous - Path: /admin/
2025-06-12 00:45:49.812417 - User: Anonymous - Path: /admin/VoltHub/payment/
2025-06-12 00:45:50.173092 - User: Anonymous - Path: /admin/jsi18n/
2025-06-12 00:45:52.353218 - User: Anonymous - Path: /admin/VoltHub/payment/add/
2025-06-12 00:45:52.508586 - User: Anonymous - Path: /admin/jsi18n/
2025-06-12 00:45:58.876352 - User: Anonymous - Path: /admin/VoltHub/paymentmethod/add/
2025-06-12 00:45:58.992823 - User: Anonymous - Path: /admin/jsi18n/
2025-06-12 00:46:22.615802 - User: Anonymous - Path: /admin/VoltHub/paymentmethod/add/
2025-06-12 00:46:43.925014 - User: Anonymous - Path: /admin/VoltHub/chargingsession/add/
2025-06-12 00:46:44.037995 - User: Anonymous - Path: /admin/jsi18n/
2025-06-12 00:47:17.829512 - User: Anonymous - Path: /admin/VoltHub/chargingsession/add/
2025-06-12 00:47:17.899089 - User: Anonymous - Path: /admin/jsi18n/
2025-06-12 00:47:34.338207 - User: Anonymous - Path: /admin/VoltHub/chargingsession/add/
2025-06-12 00:47:45.934215 - User: Anonymous - Path: /admin/VoltHub/payment/add/
2025-06-12 00:47:45.995399 - User: Anonymous - Path: /admin/VoltHub/payment/
2025-06-12 00:47:46.068031 - User: Anonymous - Path: /admin/jsi18n/
2025-06-12 00:47:57.522990 - User: Anonymous - Path: /admin/
2025-06-12 00:48:02.975421 - User: Anonymous - Path: /admin/VoltHub/paymentmethod/
2025-06-12 00:48:03.051688 - User: Anonymous - Path: /admin/jsi18n/
2025-06-12 00:48:08.596572 - User: Anonymous - Path: /admin/
2025-06-12 00:48:12.659141 - User: Anonymous - Path: /admin/VoltHub/issuereport/
2025-06-12 00:48:12.749912 - User: Anonymous - Path: /admin/jsi18n/
2025-06-12 00:48:14.741632 - User: Anonymous - Path: /admin/VoltHub/issuereport/add/
2025-06-12 00:48:14.855429 - User: Anonymous - Path: /admin/jsi18n/
2025-06-12 00:48:46.713766 - User: Anonymous - Path: /admin/VoltHub/issuereport/add/
2025-06-12 00:48:46.771350 - User: Anonymous - Path: /admin/VoltHub/issuereport/
2025-06-12 00:48:46.844842 - User: Anonymous - Path: /admin/jsi18n/
2025-06-12 00:48:50.700539 - User: Anonymous - Path: /admin/
2025-06-12 00:48:55.955245 - User: Anonymous - Path: /admin/VoltHub/comment/
2025-06-12 00:48:56.028010 - User: Anonymous - Path: /admin/jsi18n/
2025-06-12 00:49:00.430488 - User: Anonymous - Path: /admin/VoltHub/comment/1/change/
2025-06-12 00:49:00.538606 - User: Anonymous - Path: /admin/jsi18n/
2025-06-12 00:49:04.361359 - User: Anonymous - Path: /admin/
2025-06-12 00:49:08.691325 - User: Anonymous - Path: /admin/VoltHub/chargingsession/
2025-06-12 00:49:08.787959 - User: Anonymous - Path: /admin/jsi18n/
2025-06-12 00:49:12.863327 - User: Anonymous - Path: /admin/
2025-06-12 00:49:18.134508 - User: Anonymous - Path: /admin/VoltHub/chargingpoint/
2025-06-12 00:49:18.231528 - User: Anonymous - Path: /admin/jsi18n/
2025-06-12 00:49:23.068013 - User: Anonymous - Path: /admin/VoltHub/chargingpoint/add/
2025-06-12 00:49:23.166474 - User: Anonymous - Path: /admin/jsi18n/
2025-06-12 00:49:43.016594 - User: Anonymous - Path: /admin/
2025-06-12 00:49:45.667782 - User: Anonymous - Path: /admin/VoltHub/booking/
2025-06-12 00:49:45.816635 - User: Anonymous - Path: /admin/jsi18n/
2025-06-12 00:49:47.740796 - User: Anonymous - Path: /admin/VoltHub/booking/add/
2025-06-12 00:49:47.861913 - User: Anonymous - Path: /admin/jsi18n/
2025-06-12 00:51:00.155686 - User: Anonymous - Path: /admin/VoltHub/booking/add/
2025-06-12 00:51:00.247545 - User: Anonymous - Path: /admin/VoltHub/booking/
2025-06-12 00:51:00.322209 - User: Anonymous - Path: /admin/jsi18n/
2025-06-12 00:51:02.594525 - User: Anonymous - Path: /admin/
2025-06-12 00:51:09.018802 - User: Anonymous - Path: /admin/VoltHub/chargingsession/
2025-06-12 00:51:09.089653 - User: Anonymous - Path: /admin/jsi18n/
2025-06-12 00:51:10.744321 - User: Anonymous - Path: /admin/VoltHub/chargingsession/1/change/
2025-06-12 00:51:10.871960 - User: Anonymous - Path: /admin/jsi18n/
2025-06-12 00:51:24.153047 - User: Anonymous - Path: /admin/VoltHub/chargingsession/1/change/
2025-06-12 00:51:36.285400 - User: Anonymous - Path: /admin/VoltHub/chargingsession/1/change/
2025-06-12 00:51:50.480658 - User: Anonymous - Path: /admin/VoltHub/chargingsession/1/change/
2025-06-12 00:51:57.971420 - User: Anonymous - Path: /admin/VoltHub/chargingsession/1/change/
2025-06-12 00:52:13.438628 - User: Anonymous - Path: /admin/VoltHub/chargingsession/1/change/
2025-06-12 00:52:17.978772 - User: Anonymous - Path: /admin/VoltHub/chargingsession/1/change/
2025-06-12 00:52:42.499720 - User: Anonymous - Path: /admin/VoltHub/chargingsession/1/change/
2025-06-12 00:52:42.559895 - User: Anonymous - Path: /admin/VoltHub/chargingsession/
2025-06-12 00:52:42.658256 - User: Anonymous - Path: /admin/jsi18n/
2025-06-12 00:52:45.304375 - User: Anonymous - Path: /admin/
2025-06-12 00:52:48.661904 - User: Anonymous - Path: /admin/authtoken/tokenproxy/
2025-06-12 00:52:51.673356 - User: Anonymous - Path: /admin/
2025-06-12 00:52:53.237419 - User: Anonymous - Path: /admin/oauth2_provider/accesstoken/
2025-06-12 00:52:53.379034 - User: Anonymous - Path: /admin/jsi18n/
2025-06-12 00:52:55.739138 - User: Anonymous - Path: /admin/
2025-06-12 00:52:58.055771 - User: Anonymous - Path: /admin/oauth2_provider/refreshtoken/
2025-06-12 00:52:58.165247 - User: Anonymous - Path: /admin/jsi18n/
2025-06-12 00:53:11.001243 - User: Anonymous - Path: /admin/oauth2_provider/refreshtoken/add/
2025-06-12 00:53:11.082787 - User: Anonymous - Path: /admin/jsi18n/
2025-06-12 00:53:13.770217 - User: Anonymous - Path: /admin/auth/user/
2025-06-12 00:53:27.386884 - User: Anonymous - Path: /admin/oauth2_provider/accesstoken/
2025-06-12 00:53:32.523003 - User: Anonymous - Path: /admin/
2025-06-12 12:40:49.141679 - User: Anonymous - Path: /
2025-06-12 12:40:49.373039 - User: Anonymous - Path: /favicon.ico
2025-06-12 12:41:39.352633 - User: Anonymous - Path: /api/bookings/
2025-06-12 12:42:57.902080 - User: Anonymous - Path: /api/stations-list/
2025-06-12 12:44:33.843361 - User: Anonymous - Path: /api/comments/
2025-06-12 12:44:52.721650 - User: Anonymous - Path: /api/comments/
2025-06-12 13:28:33.098058 - User: Anonymous - Path: /api/comments/
2025-06-12 21:47:42.848669 - User: Anonymous - Path: /api/comments/
2025-06-12 21:51:35.054506 - User: Anonymous - Path: /api/comments/
2025-06-12 21:53:03.035678 - User: Anonymous - Path: /admin/
2025-06-12 21:53:03.118494 - User: Anonymous - Path: /admin/login/
2025-06-12 21:53:10.955671 - User: Anonymous - Path: /
2025-06-12 21:54:00.788433 - User: Anonymous - Path: /api/comments/
2025-06-12 21:54:35.258523 - User: Anonymous - Path: /api/bookings/
2025-06-12 21:54:45.998366 - User: Anonymous - Path: /
2025-06-12 21:54:54.404555 - User: Anonymous - Path: /admin/
2025-06-14 00:43:28.824921 - User: Anonymous - Path: /reset_password/
2025-06-14 00:43:33.700041 - User: Anonymous - Path: /reset_password/
2025-06-14 00:43:41.708595 - User: Anonymous - Path: /
2025-06-14 00:43:57.372783 - User: Anonymous - Path: /api/comments/
2025-06-14 01:07:21.318557 - User: Anonymous - Path: /api/stations-list/
2025-06-14 01:09:55.338022 - User: Anonymous - Path: /api/stations-list/
2025-06-14 01:10:11.791711 - User: Anonymous - Path: /api/stations-list/
2025-06-14 01:10:20.142986 - User: Anonymous - Path: /api/stations-list/
2025-06-14 01:10:29.909736 - User: Anonymous - Path: /api/stations-list/
2025-06-14 01:13:11.512951 - User: Anonymous - Path: /api/stations-list/
2025-06-14 01:19:16.579926 - User: Anonymous - Path: /api/stations-list/
2025-06-14 01:21:58.028256 - User: Anonymous - Path: /api/stations-list/
2025-06-14 01:22:06.343620 - User: Anonymous - Path: /api/stations-list/
2025-06-14 01:22:07.928441 - User: Anonymous - Path: /api/stations-list/
2025-06-14 01:22:09.626511 - User: Anonymous - Path: /api/stations-list/
2025-06-14 01:22:10.648110 - User: Anonymous - Path: /api/stations-list/
2025-06-14 01:22:12.081377 - User: Anonymous - Path: /api/stations-list/
2025-06-14 01:22:12.594065 - User: Anonymous - Path: /api/stations-list/
2025-06-14 01:22:18.650790 - User: Anonymous - Path: /api/stations-list/
2025-06-14 01:22:19.784954 - User: Anonymous - Path: /api/stations-list/
2025-06-14 01:22:21.672993 - User: Anonymous - Path: /api/stations-list/
2025-06-14 02:07:57.775979 - User: Anonymous - Path: /api/stations-list/
2025-06-14 02:08:00.939959 - User: Anonymous - Path: /api/stations-list/
2025-06-14 02:08:11.718465 - User: Anonymous - Path: /api/comments/
2025-06-14 02:08:55.215234 - User: Anonymous - Path: /api/comments/
2025-06-14 02:09:06.849473 - User: Anonymous - Path: /api/comments/
2025-06-14 02:12:01.169448 - User: Anonymous - Path: /api/comments/
2025-06-14 11:20:46.397728 - User: Anonymous - Path: /api/comments/
2025-06-14 11:21:20.886873 - User: Anonymous - Path: /api/comments/
2025-06-14 11:21:22.886229 - User: Anonymous - Path: /api/comments/
2025-06-14 11:21:23.263853 - User: Anonymous - Path: /api/comments/
2025-06-14 11:21:23.677718 - User: Anonymous - Path: /api/comments/
2025-06-14 21:55:12.923789 - User: Anonymous - Path: /
2025-06-14 21:55:31.133596 - User: Anonymous - Path: /api/stations-list/
2025-06-14 21:57:28.526404 - User: Anonymous - Path: /api/stations-list/
2025-06-14 21:57:38.616513 - User: Anonymous - Path: /api/stations-list/
2025-06-14 21:57:41.994302 - User: Anonymous - Path: /api/stations-list/
2025-06-14 21:57:56.856111 - User: Anonymous - Path: /api/stations-list/
